app/build.locked-20260725-114655/intermediates/manifest_merge_blame_file/release/processReleaseMainManifest/manifest-merger-blame-release-report.txt
1<?xml version="1.0" encoding="utf-8"?>
2<manifest xmlns:android="http://schemas.android.com/apk/res/android"
3    package="ca.tariq_sekhri.time_tracker"
4    android:versionCode="1"
5    android:versionName="1.0" >
6
7    <uses-sdk
7-->INJECTED
8        android:minSdkVersion="33"
8-->INJECTED
9        android:targetSdkVersion="36" />
9-->INJECTED
10
11    <uses-permission android:name="android.permission.PACKAGE_USAGE_STATS" />
11-->src\main\AndroidManifest.xml:5:5-114
11-->src\main\AndroidManifest.xml:5:22-75
12    <uses-permission android:name="android.permission.QUERY_ALL_PACKAGES" />
12-->src\main\AndroidManifest.xml:6:5-119
12-->src\main\AndroidManifest.xml:6:22-74
13    <uses-permission android:name="android.permission.INTERNET" />
13-->src\main\AndroidManifest.xml:7:5-67
13-->src\main\AndroidManifest.xml:7:22-64
14    <uses-permission android:name="android.permission.WAKE_LOCK" />
14-->[androidx.work:work-runtime:2.11.2] AndroidManifest.xml:23:5-68
14-->[androidx.work:work-runtime:2.11.2] AndroidManifest.xml:23:22-65
15    <uses-permission android:name="android.permission.ACCESS_NETWORK_STATE" />
15-->[androidx.work:work-runtime:2.11.2] AndroidManifest.xml:24:5-79
15-->[androidx.work:work-runtime:2.11.2] AndroidManifest.xml:24:22-76
16    <uses-permission android:name="android.permission.RECEIVE_BOOT_COMPLETED" />
16-->[androidx.work:work-runtime:2.11.2] AndroidManifest.xml:25:5-81
16-->[androidx.work:work-runtime:2.11.2] AndroidManifest.xml:25:22-78
17    <uses-permission android:name="android.permission.FOREGROUND_SERVICE" />
17-->[androidx.work:work-runtime:2.11.2] AndroidManifest.xml:26:5-77
17-->[androidx.work:work-runtime:2.11.2] AndroidManifest.xml:26:22-74
18
19    <permission
19-->[androidx.core:core:1.12.0] AndroidManifest.xml:22:5-24:47
20        android:name="ca.tariq_sekhri.time_tracker.DYNAMIC_RECEIVER_NOT_EXPORTED_PERMISSION"
20-->[androidx.core:core:1.12.0] AndroidManifest.xml:23:9-81
21        android:protectionLevel="signature" />
21-->[androidx.core:core:1.12.0] AndroidManifest.xml:24:9-44
22
23    <uses-permission android:name="ca.tariq_sekhri.time_tracker.DYNAMIC_RECEIVER_NOT_EXPORTED_PERMISSION" />
23-->[androidx.core:core:1.12.0] AndroidManifest.xml:26:5-97
23-->[androidx.core:core:1.12.0] AndroidManifest.xml:26:22-94
24
25    <application
25-->src\main\AndroidManifest.xml:9:5-42:19
26        android:allowBackup="true"
26-->src\main\AndroidManifest.xml:10:9-35
27        android:appComponentFactory="androidx.core.app.CoreComponentFactory"
27-->[androidx.core:core:1.12.0] AndroidManifest.xml:28:18-86
28        android:dataExtractionRules="@xml/data_extraction_rules"
28-->src\main\AndroidManifest.xml:11:9-65
29        android:extractNativeLibs="false"
29-->INJECTED
30        android:fullBackupContent="@xml/backup_rules"
30-->src\main\AndroidManifest.xml:12:9-54
31        android:icon="@mipmap/ic_launcher"
31-->src\main\AndroidManifest.xml:13:9-43
32        android:label="@string/app_name"
32-->src\main\AndroidManifest.xml:14:9-41
33        android:roundIcon="@mipmap/ic_launcher_round"
33-->src\main\AndroidManifest.xml:15:9-54
34        android:supportsRtl="true"
34-->src\main\AndroidManifest.xml:16:9-35
35        android:theme="@style/Theme.TimeTrackerMoblie"
35-->src\main\AndroidManifest.xml:17:9-55
36        android:usesCleartextTraffic="true" >
36-->src\main\AndroidManifest.xml:18:9-44
37        <activity
37-->src\main\AndroidManifest.xml:21:9-28:20
38            android:name="ca.tariq_sekhri.time_tracker.MainActivity"
38-->src\main\AndroidManifest.xml:22:13-41
39            android:exported="true" >
39-->src\main\AndroidManifest.xml:23:13-36
40            <intent-filter>
40-->src\main\AndroidManifest.xml:24:13-27:29
41                <action android:name="android.intent.action.MAIN" />
41-->src\main\AndroidManifest.xml:25:17-69
41-->src\main\AndroidManifest.xml:25:25-66
42
43                <category android:name="android.intent.category.LAUNCHER" />
43-->src\main\AndroidManifest.xml:26:17-77
43-->src\main\AndroidManifest.xml:26:27-74
44            </intent-filter>
45        </activity>
46        <activity
46-->src\main\AndroidManifest.xml:30:9-32:58
47            android:name="ca.tariq_sekhri.time_tracker.LogsActivity"
47-->src\main\AndroidManifest.xml:31:13-41
48            android:parentActivityName="ca.tariq_sekhri.time_tracker.MainActivity" />
48-->src\main\AndroidManifest.xml:32:13-55
49        <activity
49-->src\main\AndroidManifest.xml:34:9-36:58
50            android:name="ca.tariq_sekhri.time_tracker.SkippedAppsActivity"
50-->src\main\AndroidManifest.xml:35:13-48
51            android:parentActivityName="ca.tariq_sekhri.time_tracker.MainActivity" />
51-->src\main\AndroidManifest.xml:36:13-55
52        <activity
52-->src\main\AndroidManifest.xml:38:9-40:58
53            android:name="ca.tariq_sekhri.time_tracker.SyncActivity"
53-->src\main\AndroidManifest.xml:39:13-41
54            android:parentActivityName="ca.tariq_sekhri.time_tracker.MainActivity" />
54-->src\main\AndroidManifest.xml:40:13-55
55
56        <provider
56-->[androidx.work:work-runtime:2.11.2] AndroidManifest.xml:29:9-37:20
57            android:name="androidx.startup.InitializationProvider"
57-->[androidx.work:work-runtime:2.11.2] AndroidManifest.xml:30:13-67
58            android:authorities="ca.tariq_sekhri.time_tracker.androidx-startup"
58-->[androidx.work:work-runtime:2.11.2] AndroidManifest.xml:31:13-68
59            android:exported="false" >
59-->[androidx.work:work-runtime:2.11.2] AndroidManifest.xml:32:13-37
60            <meta-data
60-->[androidx.work:work-runtime:2.11.2] AndroidManifest.xml:34:13-36:52
61                android:name="androidx.work.WorkManagerInitializer"
61-->[androidx.work:work-runtime:2.11.2] AndroidManifest.xml:35:17-68
62                android:value="androidx.startup" />
62-->[androidx.work:work-runtime:2.11.2] AndroidManifest.xml:36:17-49
63            <meta-data
63-->[androidx.emoji2:emoji2:1.2.0] AndroidManifest.xml:29:13-31:52
64                android:name="androidx.emoji2.text.EmojiCompatInitializer"
64-->[androidx.emoji2:emoji2:1.2.0] AndroidManifest.xml:30:17-75
65                android:value="androidx.startup" />
65-->[androidx.emoji2:emoji2:1.2.0] AndroidManifest.xml:31:17-49
66            <meta-data
66-->[androidx.lifecycle:lifecycle-process:2.6.2] AndroidManifest.xml:29:13-31:52
67                android:name="androidx.lifecycle.ProcessLifecycleInitializer"
67-->[androidx.lifecycle:lifecycle-process:2.6.2] AndroidManifest.xml:30:17-78
68                android:value="androidx.startup" />
68-->[androidx.lifecycle:lifecycle-process:2.6.2] AndroidManifest.xml:31:17-49
69            <meta-data
69-->[androidx.profileinstaller:profileinstaller:1.3.0] AndroidManifest.xml:29:13-31:52
70                android:name="androidx.profileinstaller.ProfileInstallerInitializer"
70-->[androidx.profileinstaller:profileinstaller:1.3.0] AndroidManifest.xml:30:17-85
71                android:value="androidx.startup" />
71-->[androidx.profileinstaller:profileinstaller:1.3.0] AndroidManifest.xml:31:17-49
72        </provider>
73
74        <service
74-->[androidx.work:work-runtime:2.11.2] AndroidManifest.xml:39:9-45:35
75            android:name="androidx.work.impl.background.systemjob.SystemJobService"
75-->[androidx.work:work-runtime:2.11.2] AndroidManifest.xml:40:13-84
76            android:directBootAware="false"
76-->[androidx.work:work-runtime:2.11.2] AndroidManifest.xml:41:13-44
77            android:enabled="@bool/enable_system_job_service_default"
77-->[androidx.work:work-runtime:2.11.2] AndroidManifest.xml:42:13-70
78            android:exported="true"
78-->[androidx.work:work-runtime:2.11.2] AndroidManifest.xml:43:13-36
79            android:permission="android.permission.BIND_JOB_SERVICE" />
79-->[androidx.work:work-runtime:2.11.2] AndroidManifest.xml:44:13-69
80        <service
80-->[androidx.work:work-runtime:2.11.2] AndroidManifest.xml:46:9-52:35
81            android:name="androidx.work.impl.foreground.SystemForegroundService"
81-->[androidx.work:work-runtime:2.11.2] AndroidManifest.xml:47:13-81
82            android:directBootAware="false"
82-->[androidx.work:work-runtime:2.11.2] AndroidManifest.xml:48:13-44
83            android:enabled="@bool/enable_system_foreground_service_default"
83-->[androidx.work:work-runtime:2.11.2] AndroidManifest.xml:49:13-77
84            android:exported="false" />
84-->[androidx.work:work-runtime:2.11.2] AndroidManifest.xml:50:13-37
85
86        <receiver
86-->[androidx.work:work-runtime:2.11.2] AndroidManifest.xml:54:9-59:35
87            android:name="androidx.work.impl.utils.ForceStopRunnable$BroadcastReceiver"
87-->[androidx.work:work-runtime:2.11.2] AndroidManifest.xml:55:13-88
88            android:directBootAware="false"
88-->[androidx.work:work-runtime:2.11.2] AndroidManifest.xml:56:13-44
89            android:enabled="true"
89-->[androidx.work:work-runtime:2.11.2] AndroidManifest.xml:57:13-35
90            android:exported="false" />
90-->[androidx.work:work-runtime:2.11.2] AndroidManifest.xml:58:13-37
91        <receiver
91-->[androidx.work:work-runtime:2.11.2] AndroidManifest.xml:60:9-69:20
92            android:name="androidx.work.impl.background.systemalarm.RescheduleReceiver"
92-->[androidx.work:work-runtime:2.11.2] AndroidManifest.xml:61:13-88
93            android:directBootAware="false"
93-->[androidx.work:work-runtime:2.11.2] AndroidManifest.xml:62:13-44
94            android:enabled="false"
94-->[androidx.work:work-runtime:2.11.2] AndroidManifest.xml:63:13-36
95            android:exported="false" >
95-->[androidx.work:work-runtime:2.11.2] AndroidManifest.xml:64:13-37
96            <intent-filter>
96-->[androidx.work:work-runtime:2.11.2] AndroidManifest.xml:66:13-68:29
97                <action android:name="android.intent.action.BOOT_COMPLETED" />
97-->[androidx.work:work-runtime:2.11.2] AndroidManifest.xml:67:17-79
97-->[androidx.work:work-runtime:2.11.2] AndroidManifest.xml:67:25-76
98            </intent-filter>
99        </receiver>
100        <receiver
100-->[androidx.work:work-runtime:2.11.2] AndroidManifest.xml:70:9-80:20
101            android:name="androidx.work.impl.diagnostics.DiagnosticsReceiver"
101-->[androidx.work:work-runtime:2.11.2] AndroidManifest.xml:71:13-78
102            android:directBootAware="false"
102-->[androidx.work:work-runtime:2.11.2] AndroidManifest.xml:72:13-44
103            android:enabled="true"
103-->[androidx.work:work-runtime:2.11.2] AndroidManifest.xml:73:13-35
104            android:exported="true"
104-->[androidx.work:work-runtime:2.11.2] AndroidManifest.xml:74:13-36
105            android:permission="android.permission.DUMP" >
105-->[androidx.work:work-runtime:2.11.2] AndroidManifest.xml:75:13-57
106            <intent-filter>
106-->[androidx.work:work-runtime:2.11.2] AndroidManifest.xml:77:13-79:29
107                <action android:name="androidx.work.diagnostics.REQUEST_DIAGNOSTICS" />
107-->[androidx.work:work-runtime:2.11.2] AndroidManifest.xml:78:17-88
107-->[androidx.work:work-runtime:2.11.2] AndroidManifest.xml:78:25-85
108            </intent-filter>
109        </receiver>
110
111        <service
111-->[androidx.room:room-runtime-android:2.7.0] AndroidManifest.xml:24:9-28:63
112            android:name="androidx.room.MultiInstanceInvalidationService"
112-->[androidx.room:room-runtime-android:2.7.0] AndroidManifest.xml:25:13-74
113            android:directBootAware="true"
113-->[androidx.room:room-runtime-android:2.7.0] AndroidManifest.xml:26:13-43
114            android:exported="false" />
114-->[androidx.room:room-runtime-android:2.7.0] AndroidManifest.xml:27:13-37
115
116        <receiver
116-->[androidx.profileinstaller:profileinstaller:1.3.0] AndroidManifest.xml:34:9-52:20
117            android:name="androidx.profileinstaller.ProfileInstallReceiver"
117-->[androidx.profileinstaller:profileinstaller:1.3.0] AndroidManifest.xml:35:13-76
118            android:directBootAware="false"
118-->[androidx.profileinstaller:profileinstaller:1.3.0] AndroidManifest.xml:36:13-44
119            android:enabled="true"
119-->[androidx.profileinstaller:profileinstaller:1.3.0] AndroidManifest.xml:37:13-35
120            android:exported="true"
120-->[androidx.profileinstaller:profileinstaller:1.3.0] AndroidManifest.xml:38:13-36
121            android:permission="android.permission.DUMP" >
121-->[androidx.profileinstaller:profileinstaller:1.3.0] AndroidManifest.xml:39:13-57
122            <intent-filter>
122-->[androidx.profileinstaller:profileinstaller:1.3.0] AndroidManifest.xml:40:13-42:29
123                <action android:name="androidx.profileinstaller.action.INSTALL_PROFILE" />
123-->[androidx.profileinstaller:profileinstaller:1.3.0] AndroidManifest.xml:41:17-91
123-->[androidx.profileinstaller:profileinstaller:1.3.0] AndroidManifest.xml:41:25-88
124            </intent-filter>
125            <intent-filter>
125-->[androidx.profileinstaller:profileinstaller:1.3.0] AndroidManifest.xml:43:13-45:29
126                <action android:name="androidx.profileinstaller.action.SKIP_FILE" />
126-->[androidx.profileinstaller:profileinstaller:1.3.0] AndroidManifest.xml:44:17-85
126-->[androidx.profileinstaller:profileinstaller:1.3.0] AndroidManifest.xml:44:25-82
127            </intent-filter>
128            <intent-filter>
128-->[androidx.profileinstaller:profileinstaller:1.3.0] AndroidManifest.xml:46:13-48:29
129                <action android:name="androidx.profileinstaller.action.SAVE_PROFILE" />
129-->[androidx.profileinstaller:profileinstaller:1.3.0] AndroidManifest.xml:47:17-88
129-->[androidx.profileinstaller:profileinstaller:1.3.0] AndroidManifest.xml:47:25-85
130            </intent-filter>
131            <intent-filter>
131-->[androidx.profileinstaller:profileinstaller:1.3.0] AndroidManifest.xml:49:13-51:29
132                <action android:name="androidx.profileinstaller.action.BENCHMARK_OPERATION" />
132-->[androidx.profileinstaller:profileinstaller:1.3.0] AndroidManifest.xml:50:17-95
132-->[androidx.profileinstaller:profileinstaller:1.3.0] AndroidManifest.xml:50:25-92
133            </intent-filter>
134        </receiver>
135    </application>
136
137</manifest>